2023-01-12 14:44:05.912  INFO 5604 --- [restartedMain] crm.CrmApplication                       : Starting CrmApplication using Java 17.0.5 on DESKTOP-52RDHCL with PID 5604 (C:\Users\LuizAugusto\Desktop\REPO\crediblue\spring-cloud-keycloak\crm\target\classes started by LuizAugusto in C:\Users\LuizAugusto\Desktop\REPO\crediblue\spring-cloud-keycloak)
2023-01-12 14:44:05.913  INFO 5604 --- [restartedMain] crm.CrmApplication                       : No active profile set, falling back to 1 default profile: "default"
2023-01-12 14:44:05.952  INFO 5604 --- [restartedMain] .e.DevToolsPropertyDefaultsPostProcessor : Devtools property defaults active! Set 'spring.devtools.add-properties' to 'false' to disable
2023-01-12 14:44:05.952  INFO 5604 --- [restartedMain] .e.DevToolsPropertyDefaultsPostProcessor : For additional web related logging consider setting the 'logging.level.web' property to 'DEBUG'
2023-01-12 14:44:06.805  INFO 5604 --- [restartedMain] o.s.cloud.context.scope.GenericScope     : BeanFactory id=79f2be50-e881-383a-916f-0116a36320f9
2023-01-12 14:44:06.867  INFO 5604 --- [restartedMain] trationDelegate$BeanPostProcessorChecker : Bean 'org.springframework.cloud.client.loadbalancer.reactive.LoadBalancerBeanPostProcessorAutoConfiguration' of type [org.springframework.cloud.client.loadbalancer.reactive.LoadBalancerBeanPostProcessorAutoConfiguration] is not eligible for getting processed by all BeanPostProcessors (for example: not eligible for auto-proxying)
2023-01-12 14:44:06.868  INFO 5604 --- [restartedMain] trationDelegate$BeanPostProcessorChecker : Bean 'org.springframework.cloud.client.loadbalancer.reactive.LoadBalancerBeanPostProcessorAutoConfiguration$ReactorDeferringLoadBalancerFilterConfig' of type [org.springframework.cloud.client.loadbalancer.reactive.LoadBalancerBeanPostProcessorAutoConfiguration$ReactorDeferringLoadBalancerFilterConfig] is not eligible for getting processed by all BeanPostProcessors (for example: not eligible for auto-proxying)
2023-01-12 14:44:06.869  INFO 5604 --- [restartedMain] trationDelegate$BeanPostProcessorChecker : Bean 'reactorDeferringLoadBalancerExchangeFilterFunction' of type [org.springframework.cloud.client.loadbalancer.reactive.DeferringLoadBalancerExchangeFilterFunction] is not eligible for getting processed by all BeanPostProcessors (for example: not eligible for auto-proxying)
2023-01-12 14:44:07.632  INFO 5604 --- [restartedMain] o.s.b.a.e.web.EndpointLinksResolver      : Exposing 17 endpoint(s) beneath base path '/actuator'
2023-01-12 14:44:08.014  WARN 5604 --- [restartedMain] o.s.b.d.a.OptionalLiveReloadServer       : Unable to start LiveReload server
2023-01-12 14:44:08.120  INFO 5604 --- [restartedMain] DiscoveryClientOptionalArgsConfiguration : Eureka HTTP Client uses RestTemplate.
2023-01-12 14:44:08.168  WARN 5604 --- [restartedMain] iguration$LoadBalancerCaffeineWarnLogger : Spring Cloud LoadBalancer is currently working with the default cache. While this cache implementation is useful for development and tests, it's recommended to use Caffeine cache in production.You can switch to using Caffeine cache, by adding it and org.springframework.cache.caffeine.CaffeineCacheManager to the classpath.
2023-01-12 14:44:08.290  INFO 5604 --- [restartedMain] o.s.b.web.embedded.netty.NettyWebServer  : Netty started on port 50261
2023-01-12 14:44:08.292  INFO 5604 --- [restartedMain] .s.c.n.e.s.EurekaAutoServiceRegistration : Updating port to 50261
2023-01-12 14:44:08.295  INFO 5604 --- [restartedMain] o.s.c.n.eureka.InstanceInfoFactory       : Setting initial instance status as: STARTING
2023-01-12 14:44:08.327  INFO 5604 --- [restartedMain] com.netflix.discovery.DiscoveryClient    : Initializing Eureka in region us-east-1
2023-01-12 14:44:08.332  INFO 5604 --- [restartedMain] c.n.d.s.r.aws.ConfigClusterResolver      : Resolving eureka endpoints via configuration
2023-01-12 14:44:08.349  INFO 5604 --- [restartedMain] com.netflix.discovery.DiscoveryClient    : Disable delta property : false
2023-01-12 14:44:08.349  INFO 5604 --- [restartedMain] com.netflix.discovery.DiscoveryClient    : Single vip registry refresh property : null
2023-01-12 14:44:08.349  INFO 5604 --- [restartedMain] com.netflix.discovery.DiscoveryClient    : Force full registry fetch : false
2023-01-12 14:44:08.349  INFO 5604 --- [restartedMain] com.netflix.discovery.DiscoveryClient    : Application is null : false
2023-01-12 14:44:08.349  INFO 5604 --- [restartedMain] com.netflix.discovery.DiscoveryClient    : Registered Applications size is zero : true
2023-01-12 14:44:08.349  INFO 5604 --- [restartedMain] com.netflix.discovery.DiscoveryClient    : Application version is -1: true
2023-01-12 14:44:08.349  INFO 5604 --- [restartedMain] com.netflix.discovery.DiscoveryClient    : Getting all instance registry info from the eureka server
2023-01-12 14:44:08.615  INFO 5604 --- [restartedMain] com.netflix.discovery.DiscoveryClient    : The response status is 200
2023-01-12 14:44:08.617  INFO 5604 --- [restartedMain] com.netflix.discovery.DiscoveryClient    : Starting heartbeat executor: renew interval is: 30
2023-01-12 14:44:08.619  INFO 5604 --- [restartedMain] c.n.discovery.InstanceInfoReplicator     : InstanceInfoReplicator onDemand update allowed rate per min is 4
2023-01-12 14:44:08.624  INFO 5604 --- [restartedMain] com.netflix.discovery.DiscoveryClient    : Discovery Client initialized at timestamp 1673545448623 with initial instances count: 3
2023-01-12 14:44:08.624  INFO 5604 --- [restartedMain] o.s.c.n.e.s.EurekaServiceRegistry        : Registering application CRM-MODULE with eureka with status UP
2023-01-12 14:44:08.625  INFO 5604 --- [restartedMain] com.netflix.discovery.DiscoveryClient    : Saw local status change event StatusChangeEvent [timestamp=1673545448625, current=UP, previous=STARTING]
2023-01-12 14:44:08.626  INFO 5604 --- [DiscoveryClient-InstanceInfoReplicator-0] com.netflix.discovery.DiscoveryClient    : DiscoveryClient_CRM-MODULE/crm-module:eadb7dbe0adad4b29fefcae0bd716712: registering service...
2023-01-12 14:44:08.660  INFO 5604 --- [DiscoveryClient-InstanceInfoReplicator-0] com.netflix.discovery.DiscoveryClient    : DiscoveryClient_CRM-MODULE/crm-module:eadb7dbe0adad4b29fefcae0bd716712 - registration status: 204
2023-01-12 14:44:08.829  INFO 5604 --- [restartedMain] crm.CrmApplication                       : Started CrmApplication in 3.412 seconds (JVM running for 4.232)
2023-01-12 14:44:08.956  WARN 5604 --- [registrationTask1] d.c.b.a.c.r.ApplicationRegistrator       : Failed to register application as Application(name=crm-module, managementUrl=http://DESKTOP-52RDHCL:50261/actuator, healthUrl=http://DESKTOP-52RDHCL:50261/actuator/health, serviceUrl=http://DESKTOP-52RDHCL:50261/) at spring-boot-admin ([http://localhost:8089/instances]): Connection refused: no further information: localhost/127.0.0.1:8089; nested exception is io.netty.channel.AbstractChannel$AnnotatedConnectException: Connection refused: no further information: localhost/127.0.0.1:8089. Further attempts are logged on DEBUG level
2023-01-12 14:44:56.579  INFO 5604 --- [SpringApplicationShutdownHook] o.s.c.n.e.s.EurekaServiceRegistry        : Unregistering application CRM-MODULE with eureka with status DOWN
2023-01-12 14:44:56.579  INFO 5604 --- [SpringApplicationShutdownHook] com.netflix.discovery.DiscoveryClient    : Saw local status change event StatusChangeEvent [timestamp=1673545496579, current=DOWN, previous=UP]
2023-01-12 14:44:56.579  INFO 5604 --- [DiscoveryClient-InstanceInfoReplicator-0] com.netflix.discovery.DiscoveryClient    : DiscoveryClient_CRM-MODULE/crm-module:eadb7dbe0adad4b29fefcae0bd716712: registering service...
2023-01-12 14:44:56.584  INFO 5604 --- [DiscoveryClient-InstanceInfoReplicator-0] com.netflix.discovery.DiscoveryClient    : DiscoveryClient_CRM-MODULE/crm-module:eadb7dbe0adad4b29fefcae0bd716712 - registration status: 204
2023-01-12 14:44:58.663  INFO 5604 --- [SpringApplicationShutdownHook] com.netflix.discovery.DiscoveryClient    : Shutting down DiscoveryClient ...
2023-01-12 14:45:01.673  INFO 5604 --- [SpringApplicationShutdownHook] com.netflix.discovery.DiscoveryClient    : Unregistering ...
2023-01-12 14:45:01.688  INFO 5604 --- [SpringApplicationShutdownHook] com.netflix.discovery.DiscoveryClient    : DiscoveryClient_CRM-MODULE/crm-module:eadb7dbe0adad4b29fefcae0bd716712 - deregister  status: 200
2023-01-12 14:45:01.695  INFO 5604 --- [SpringApplicationShutdownHook] com.netflix.discovery.DiscoveryClient    : Completed shut down of DiscoveryClient
2023-01-12 14:45:05.378  INFO 19680 --- [restartedMain] crm.CrmApplication                       : Starting CrmApplication using Java 17.0.5 on DESKTOP-52RDHCL with PID 19680 (C:\Users\LuizAugusto\Desktop\REPO\crediblue\spring-cloud-keycloak\crm\target\classes started by LuizAugusto in C:\Users\LuizAugusto\Desktop\REPO\crediblue\spring-cloud-keycloak)
2023-01-12 14:45:05.379  INFO 19680 --- [restartedMain] crm.CrmApplication                       : No active profile set, falling back to 1 default profile: "default"
2023-01-12 14:45:05.421  INFO 19680 --- [restartedMain] .e.DevToolsPropertyDefaultsPostProcessor : Devtools property defaults active! Set 'spring.devtools.add-properties' to 'false' to disable
2023-01-12 14:45:05.421  INFO 19680 --- [restartedMain] .e.DevToolsPropertyDefaultsPostProcessor : For additional web related logging consider setting the 'logging.level.web' property to 'DEBUG'
2023-01-12 14:45:06.248  INFO 19680 --- [restartedMain] o.s.cloud.context.scope.GenericScope     : BeanFactory id=79f2be50-e881-383a-916f-0116a36320f9
2023-01-12 14:45:06.309  INFO 19680 --- [restartedMain] trationDelegate$BeanPostProcessorChecker : Bean 'org.springframework.cloud.client.loadbalancer.reactive.LoadBalancerBeanPostProcessorAutoConfiguration' of type [org.springframework.cloud.client.loadbalancer.reactive.LoadBalancerBeanPostProcessorAutoConfiguration] is not eligible for getting processed by all BeanPostProcessors (for example: not eligible for auto-proxying)
2023-01-12 14:45:06.310  INFO 19680 --- [restartedMain] trationDelegate$BeanPostProcessorChecker : Bean 'org.springframework.cloud.client.loadbalancer.reactive.LoadBalancerBeanPostProcessorAutoConfiguration$ReactorDeferringLoadBalancerFilterConfig' of type [org.springframework.cloud.client.loadbalancer.reactive.LoadBalancerBeanPostProcessorAutoConfiguration$ReactorDeferringLoadBalancerFilterConfig] is not eligible for getting processed by all BeanPostProcessors (for example: not eligible for auto-proxying)
2023-01-12 14:45:06.311  INFO 19680 --- [restartedMain] trationDelegate$BeanPostProcessorChecker : Bean 'reactorDeferringLoadBalancerExchangeFilterFunction' of type [org.springframework.cloud.client.loadbalancer.reactive.DeferringLoadBalancerExchangeFilterFunction] is not eligible for getting processed by all BeanPostProcessors (for example: not eligible for auto-proxying)
2023-01-12 14:45:07.092  INFO 19680 --- [restartedMain] o.s.b.a.e.web.EndpointLinksResolver      : Exposing 17 endpoint(s) beneath base path '/actuator'
2023-01-12 14:45:07.536  WARN 19680 --- [restartedMain] o.s.b.d.a.OptionalLiveReloadServer       : Unable to start LiveReload server
2023-01-12 14:45:07.640  INFO 19680 --- [restartedMain] DiscoveryClientOptionalArgsConfiguration : Eureka HTTP Client uses RestTemplate.
2023-01-12 14:45:07.688  WARN 19680 --- [restartedMain] iguration$LoadBalancerCaffeineWarnLogger : Spring Cloud LoadBalancer is currently working with the default cache. While this cache implementation is useful for development and tests, it's recommended to use Caffeine cache in production.You can switch to using Caffeine cache, by adding it and org.springframework.cache.caffeine.CaffeineCacheManager to the classpath.
2023-01-12 14:45:07.822  INFO 19680 --- [restartedMain] o.s.b.web.embedded.netty.NettyWebServer  : Netty started on port 50302
2023-01-12 14:45:07.823  INFO 19680 --- [restartedMain] .s.c.n.e.s.EurekaAutoServiceRegistration : Updating port to 50302
2023-01-12 14:45:07.827  INFO 19680 --- [restartedMain] o.s.c.n.eureka.InstanceInfoFactory       : Setting initial instance status as: STARTING
2023-01-12 14:45:07.856  INFO 19680 --- [restartedMain] com.netflix.discovery.DiscoveryClient    : Initializing Eureka in region us-east-1
2023-01-12 14:45:07.861  INFO 19680 --- [restartedMain] c.n.d.s.r.aws.ConfigClusterResolver      : Resolving eureka endpoints via configuration
2023-01-12 14:45:07.879  INFO 19680 --- [restartedMain] com.netflix.discovery.DiscoveryClient    : Disable delta property : false
2023-01-12 14:45:07.879  INFO 19680 --- [restartedMain] com.netflix.discovery.DiscoveryClient    : Single vip registry refresh property : null
2023-01-12 14:45:07.879  INFO 19680 --- [restartedMain] com.netflix.discovery.DiscoveryClient    : Force full registry fetch : false
2023-01-12 14:45:07.879  INFO 19680 --- [restartedMain] com.netflix.discovery.DiscoveryClient    : Application is null : false
2023-01-12 14:45:07.879  INFO 19680 --- [restartedMain] com.netflix.discovery.DiscoveryClient    : Registered Applications size is zero : true
2023-01-12 14:45:07.879  INFO 19680 --- [restartedMain] com.netflix.discovery.DiscoveryClient    : Application version is -1: true
2023-01-12 14:45:07.879  INFO 19680 --- [restartedMain] com.netflix.discovery.DiscoveryClient    : Getting all instance registry info from the eureka server
2023-01-12 14:45:08.157  INFO 19680 --- [restartedMain] com.netflix.discovery.DiscoveryClient    : The response status is 200
2023-01-12 14:45:08.159  INFO 19680 --- [restartedMain] com.netflix.discovery.DiscoveryClient    : Starting heartbeat executor: renew interval is: 30
2023-01-12 14:45:08.161  INFO 19680 --- [restartedMain] c.n.discovery.InstanceInfoReplicator     : InstanceInfoReplicator onDemand update allowed rate per min is 4
2023-01-12 14:45:08.165  INFO 19680 --- [restartedMain] com.netflix.discovery.DiscoveryClient    : Discovery Client initialized at timestamp 1673545508164 with initial instances count: 4
2023-01-12 14:45:08.165  INFO 19680 --- [restartedMain] o.s.c.n.e.s.EurekaServiceRegistry        : Registering application CRM-MODULE with eureka with status UP
2023-01-12 14:45:08.166  INFO 19680 --- [restartedMain] com.netflix.discovery.DiscoveryClient    : Saw local status change event StatusChangeEvent [timestamp=1673545508166, current=UP, previous=STARTING]
2023-01-12 14:45:08.167  INFO 19680 --- [DiscoveryClient-InstanceInfoReplicator-0] com.netflix.discovery.DiscoveryClient    : DiscoveryClient_CRM-MODULE/crm-module:3fcec33caa631cfcff9ae77514db1811: registering service...
2023-01-12 14:45:08.202  INFO 19680 --- [DiscoveryClient-InstanceInfoReplicator-0] com.netflix.discovery.DiscoveryClient    : DiscoveryClient_CRM-MODULE/crm-module:3fcec33caa631cfcff9ae77514db1811 - registration status: 204
2023-01-12 14:45:08.377  INFO 19680 --- [restartedMain] crm.CrmApplication                       : Started CrmApplication in 3.509 seconds (JVM running for 4.168)
2023-01-12 14:45:08.496  WARN 19680 --- [registrationTask1] d.c.b.a.c.r.ApplicationRegistrator       : Failed to register application as Application(name=crm-module, managementUrl=http://DESKTOP-52RDHCL:50302/actuator, healthUrl=http://DESKTOP-52RDHCL:50302/actuator/health, serviceUrl=http://DESKTOP-52RDHCL:50302/) at spring-boot-admin ([http://localhost:8089/instances]): Connection refused: no further information: localhost/127.0.0.1:8089; nested exception is io.netty.channel.AbstractChannel$AnnotatedConnectException: Connection refused: no further information: localhost/127.0.0.1:8089. Further attempts are logged on DEBUG level
2023-01-12 14:50:07.893  INFO 19680 --- [AsyncResolver-bootstrap-executor-0] c.n.d.s.r.aws.ConfigClusterResolver      : Resolving eureka endpoints via configuration
2023-01-12 14:55:07.909  INFO 19680 --- [AsyncResolver-bootstrap-executor-0] c.n.d.s.r.aws.ConfigClusterResolver      : Resolving eureka endpoints via configuration
2023-01-12 15:00:07.910  INFO 19680 --- [AsyncResolver-bootstrap-executor-0] c.n.d.s.r.aws.ConfigClusterResolver      : Resolving eureka endpoints via configuration
2023-01-12 15:05:07.914  INFO 19680 --- [AsyncResolver-bootstrap-executor-0] c.n.d.s.r.aws.ConfigClusterResolver      : Resolving eureka endpoints via configuration
2023-01-12 15:10:07.931  INFO 19680 --- [AsyncResolver-bootstrap-executor-0] c.n.d.s.r.aws.ConfigClusterResolver      : Resolving eureka endpoints via configuration
2023-01-12 15:15:07.935  INFO 19680 --- [AsyncResolver-bootstrap-executor-0] c.n.d.s.r.aws.ConfigClusterResolver      : Resolving eureka endpoints via configuration
2023-01-12 15:20:07.938  INFO 19680 --- [AsyncResolver-bootstrap-executor-0] c.n.d.s.r.aws.ConfigClusterResolver      : Resolving eureka endpoints via configuration
2023-01-12 15:25:07.952  INFO 19680 --- [AsyncResolver-bootstrap-executor-0] c.n.d.s.r.aws.ConfigClusterResolver      : Resolving eureka endpoints via configuration
2023-01-12 15:30:07.962  INFO 19680 --- [AsyncResolver-bootstrap-executor-0] c.n.d.s.r.aws.ConfigClusterResolver      : Resolving eureka endpoints via configuration
2023-01-12 15:35:07.972  INFO 19680 --- [AsyncResolver-bootstrap-executor-0] c.n.d.s.r.aws.ConfigClusterResolver      : Resolving eureka endpoints via configuration
2023-01-12 15:40:07.973  INFO 19680 --- [AsyncResolver-bootstrap-executor-0] c.n.d.s.r.aws.ConfigClusterResolver      : Resolving eureka endpoints via configuration
2023-01-12 15:45:07.985  INFO 19680 --- [AsyncResolver-bootstrap-executor-0] c.n.d.s.r.aws.ConfigClusterResolver      : Resolving eureka endpoints via configuration
2023-01-12 15:50:07.988  INFO 19680 --- [AsyncResolver-bootstrap-executor-0] c.n.d.s.r.aws.ConfigClusterResolver      : Resolving eureka endpoints via configuration
2023-01-12 15:55:08.003  INFO 19680 --- [AsyncResolver-bootstrap-executor-0] c.n.d.s.r.aws.ConfigClusterResolver      : Resolving eureka endpoints via configuration
2023-01-12 16:00:08.018  INFO 19680 --- [AsyncResolver-bootstrap-executor-0] c.n.d.s.r.aws.ConfigClusterResolver      : Resolving eureka endpoints via configuration
